<?xml version="1.0" encoding="UTF-8"?>
<testsuite xmlns:xsi="http://www.w3.org/2001/XMLSchema-instance" xsi:noNamespaceSchemaLocation="https://maven.apache.org/surefire/maven-surefire-plugin/xsd/surefire-test-report-3.0.xsd" version="3.0" name="pe.edu.vallegrande.monitoreo.MonitoreoApplicationTests" time="4.998" tests="1" errors="0" skipped="0" failures="0">
  <properties>
[...]
</properties>
  <testcase name="contextLoads" classname="pe.edu.vallegrande.monitoreo.MonitoreoApplicationTests" time="1.185">
    <system-out><![CDATA[16:21:12.329 [main] INFO org.springframework.test.context.support.AnnotationConfigContextLoaderUtils -- Could not detect default configuration classes for test class [pe.edu.vallegrande.monitoreo.MonitoreoApplicationTests]: MonitoreoApplicationTests does not declare any static, non-private, non-final, nested classes annotated with @Configuration.
16:21:12.485 [main] INFO org.springframework.boot.test.context.SpringBootTestContextBootstrapper -- Found @SpringBootConfiguration pe.edu.vallegrande.monitoreo.MonitoreoApplication for test class pe.edu.vallegrande.monitoreo.MonitoreoApplicationTests

███    ███  ██████  ███    ██ ██ ████████  ██████  ██████  ███████  ██████      ██████  ██████  ███████  ██ 
████  ████ ██    ██ ████   ██ ██    ██    ██    ██ ██   ██ ██      ██    ██     ██   ██ ██   ██ ██      ███ 
██ ████ ██ ██    ██ ██ ██  ██ ██    ██    ██    ██ ██████  █████   ██    ██     ██████  ██████  ███████  ██ 
██  ██  ██ ██    ██ ██  ██ ██ ██    ██    ██    ██ ██   ██ ██      ██    ██     ██      ██   ██      ██  ██ 
██      ██  ██████  ██   ████ ██    ██     ██████  ██   ██ ███████  ██████      ██      ██   ██ ███████  ██ 

Spring Boot

2024-12-01T16:21:13.082Z  INFO 36442 --- [monitoreo] [           main] p.e.v.m.MonitoreoApplicationTests        : Starting MonitoreoApplicationTests using Java 17.0.12 with PID 36442 (started by codespace in /workspaces/beneficiario_b)
2024-12-01T16:21:13.084Z  INFO 36442 --- [monitoreo] [           main] p.e.v.m.MonitoreoApplicationTests        : No active profile set, falling back to 1 default profile: "default"
2024-12-01T16:21:13.885Z  INFO 36442 --- [monitoreo] [           main] .s.d.r.c.RepositoryConfigurationDelegate : Bootstrapping Spring Data R2DBC repositories in DEFAULT mode.
2024-12-01T16:21:14.038Z  INFO 36442 --- [monitoreo] [           main] .s.d.r.c.RepositoryConfigurationDelegate : Finished Spring Data repository scanning in 148 ms. Found 3 R2DBC repository interfaces.
2024-12-01T16:21:15.915Z  INFO 36442 --- [monitoreo] [           main] p.e.v.m.MonitoreoApplicationTests        : Started MonitoreoApplicationTests in 3.278 seconds (process running for 4.565)
]]></system-out>
  </testcase>
</testsuite>